<?xml version="1.0" encoding="UTF-8"?>
<testsuite name="org.example.SumCalculatorTest" tests="3" skipped="0" failures="0" errors="0" timestamp="2024-01-27T22:41:16" hostname="DESKTOP-K47G5M1" time="0.052">
  <properties/>
  <testcase name="sumTest1()" classname="org.example.SumCalculatorTest" time="0.04"/>
  <testcase name="sumTest2()" classname="org.example.SumCalculatorTest" time="0.003"/>
  <testcase name="sumTest3()" classname="org.example.SumCalculatorTest" time="0.004"/>
  <system-out><![CDATA[]]></system-out>
  <system-err><![CDATA[]]></system-err>
</testsuite>
